<?xml version="1.0" encoding="UTF-8"?>
<testng-results ignored="0" total="6" passed="6" failed="0" skipped="0">
  <reporter-output>
  </reporter-output>
  <suite started-at="2022-12-16T14:47:22 CST" name="TestSuite1" finished-at="2022-12-16T14:47:23 CST" duration-ms="119">
    <groups>
    </groups>
    <test started-at="2022-12-16T14:47:22 CST" name="Sanity" finished-at="2022-12-16T14:47:23 CST" duration-ms="119">
      <class name="Testsuite1.Module2">
        <test-method signature="test001()[pri:0, instance:Testsuite1.Module2@7f010382]" started-at="2022-12-16T14:47:22 CST" name="test001" finished-at="2022-12-16T14:47:22 CST" duration-ms="17" status="PASS">
          <reporter-output>
          </reporter-output>
        </test-method> <!-- test001 -->
        <test-method signature="test002()[pri:0, instance:Testsuite1.Module2@7f010382]" started-at="2022-12-16T14:47:22 CST" name="test002" finished-at="2022-12-16T14:47:22 CST" duration-ms="2" status="PASS">
          <reporter-output>
          </reporter-output>
        </test-method> <!-- test002 -->
        <test-method signature="test003()[pri:0, instance:Testsuite1.Module2@7f010382]" started-at="2022-12-16T14:47:22 CST" name="test003" finished-at="2022-12-16T14:47:22 CST" duration-ms="10" status="PASS">
          <reporter-output>
          </reporter-output>
        </test-method> <!-- test003 -->
      </class> <!-- Testsuite1.Module2 -->
      <class name="Testsuite1.Module1">
        <test-method signature="test001()[pri:0, instance:Testsuite1.Module1@1ed1993a]" started-at="2022-12-16T14:47:22 CST" name="test001" finished-at="2022-12-16T14:47:22 CST" duration-ms="4" status="PASS">
          <reporter-output>
          </reporter-output>
        </test-method> <!-- test001 -->
        <test-method signature="test002()[pri:0, instance:Testsuite1.Module1@1ed1993a]" started-at="2022-12-16T14:47:23 CST" name="test002" finished-at="2022-12-16T14:47:23 CST" duration-ms="7" status="PASS">
          <reporter-output>
          </reporter-output>
        </test-method> <!-- test002 -->
        <test-method signature="test003()[pri:0, instance:Testsuite1.Module1@1ed1993a]" started-at="2022-12-16T14:47:23 CST" name="test003" finished-at="2022-12-16T14:47:23 CST" duration-ms="6" status="PASS">
          <reporter-output>
          </reporter-output>
        </test-method> <!-- test003 -->
      </class> <!-- Testsuite1.Module1 -->
    </test> <!-- Sanity -->
  </suite> <!-- TestSuite1 -->
</testng-results>
