<?xml version="1.0" encoding="UTF-8"?>
<!-- Generated by org.testng.reporters.JUnitXMLReporter -->
<testsuite ignored="0" hostname="LAPTOP-OAS0AT24" failures="0" tests="3" name="Default test" time="0.105" errors="0" timestamp="2022-12-16T14:38:30 CST">
  <testcase classname="Testsuite1.Module1" name="test001" time="0.017"/>
  <testcase classname="Testsuite1.Module1" name="test002" time="0.004"/>
  <testcase classname="Testsuite1.Module1" name="test003" time="0.004"/>
</testsuite> <!-- Default test -->
