<?xml version="1.0" encoding="UTF-8"?>
<!-- Generated by org.testng.reporters.JUnitXMLReporter -->
<testsuite ignored="0" hostname="LAPTOP-OAS0AT24" failures="0" tests="6" name="Sanity" time="0.119" errors="0" timestamp="2022-12-16T14:47:23 CST">
  <testcase classname="Testsuite1.Module2" name="test001" time="0.017"/>
  <testcase classname="Testsuite1.Module2" name="test002" time="0.002"/>
  <testcase classname="Testsuite1.Module2" name="test003" time="0.01"/>
  <testcase classname="Testsuite1.Module1" name="test001" time="0.004"/>
  <testcase classname="Testsuite1.Module1" name="test002" time="0.007"/>
  <testcase classname="Testsuite1.Module1" name="test003" time="0.006"/>
</testsuite> <!-- Sanity -->
